#! /usr/local/Cellar/icarus-verilog/10.1.1/bin/vvp
:ivl_version "10.1 (stable)" "(v10_1_1)";
:ivl_delay_selection "TYPICAL";
:vpi_time_precision + 0;
:vpi_module "system";
:vpi_module "vhdl_sys";
:vpi_module "v2005_math";
:vpi_module "va_math";
S_0x7fb317601ea0 .scope module, "adder" "adder" 2 1;
 .timescale 0 0;
    .port_info 0 /OUTPUT 32 "out"
    .port_info 1 /INPUT 32 "in1"
    .port_info 2 /INPUT 32 "in2"
o0x107f19008 .functor BUFZ 32, C4<zzzzzzzzzzzzzzzzzzzzzzzzzzzzzzzz>; HiZ drive
v0x7fb3176004d0_0 .net "in1", 31 0, o0x107f19008;  0 drivers
o0x107f19038 .functor BUFZ 32, C4<zzzzzzzzzzzzzzzzzzzzzzzzzzzzzzzz>; HiZ drive
v0x7fb317611e70_0 .net "in2", 31 0, o0x107f19038;  0 drivers
v0x7fb317611f10_0 .net "out", 31 0, L_0x7fb317612010;  1 drivers
L_0x7fb317612010 .arith/sum 32, o0x107f19008, o0x107f19038;
# The file index is used to find the file name in the following table.
:file_names 3;
    "N/A";
    "<interactive>";
    "combinational_components/adder.v";
